Lifetools/build/outputs/logs/manifest-merger-debug-report.txt
-- Merging decision tree log ---
manifest
ADDED from src/main/AndroidManifest.xml:2:1-199:12
	package
		ADDED from src/main/AndroidManifest.xml:3:5-35
		INJECTED from src/main/AndroidManifest.xml
		INJECTED from src/main/AndroidManifest.xml
	android:versionName
		INJECTED from src/main/AndroidManifest.xml
		INJECTED from src/main/AndroidManifest.xml
	xmlns:android
		ADDED from src/main/AndroidManifest.xml:2:11-69
	android:versionCode
		INJECTED from src/main/AndroidManifest.xml
		INJECTED from src/main/AndroidManifest.xml
permission#android.permission.BAIDU_LOCATION_SERVICE
ADDED from src/main/AndroidManifest.xml:6:5-76
	android:name
		ADDED from src/main/AndroidManifest.xml:6:17-73
uses-permission#android.permission.BROADCAST_STICKY
ADDED from src/main/AndroidManifest.xml:8:5-75
	android:name
		ADDED from src/main/AndroidManifest.xml:8:22-72
uses-permission#android.permission.BAIDU_LOCATION_SERVICE
ADDED from src/main/AndroidManifest.xml:9:5-81
	android:name
		ADDED from src/main/AndroidManifest.xml:9:22-78
uses-permission#android.permission.ACCES_MOCK_LOCATION
ADDED from src/main/AndroidManifest.xml:10:5-78
	android:name
		ADDED from src/main/AndroidManifest.xml:10:22-75
uses-permission#android.permission.MODIFY_AUDIO_SETTINGS
ADDED from src/main/AndroidManifest.xml:11:5-80
	android:name
		ADDED from src/main/AndroidManifest.xml:11:22-77
uses-permission#android.permission.READ_PHONE_STATE
ADDED from src/main/AndroidManifest.xml:12:5-75
	android:name
		ADDED from src/main/AndroidManifest.xml:12:22-72
uses-permission#android.permission.WRITE_EXTERNAL_STORAGE
ADDED from src/main/AndroidManifest.xml:13:5-81
	android:name
		ADDED from src/main/AndroidManifest.xml:13:22-78
uses-permission#android.permission.ACCESS_NETWORK_STATE
ADDED from src/main/AndroidManifest.xml:14:5-79
	android:name
		ADDED from src/main/AndroidManifest.xml:14:22-76
uses-permission#android.permission.ACCESS_WIFI_STATE
ADDED from src/main/AndroidManifest.xml:15:5-76
	android:name
		ADDED from src/main/AndroidManifest.xml:15:22-73
uses-permission#android.permission.ACCESS_FINE_LOCATION
ADDED from src/main/AndroidManifest.xml:16:5-79
	android:name
		ADDED from src/main/AndroidManifest.xml:16:22-76
uses-permission#android.permission.ACCESS_COARSE_LOCATION
ADDED from src/main/AndroidManifest.xml:17:5-81
	android:name
		ADDED from src/main/AndroidManifest.xml:17:22-78
uses-permission#android.permission.ACCESS_GPS
ADDED from src/main/AndroidManifest.xml:18:5-69
	android:name
		ADDED from src/main/AndroidManifest.xml:18:22-66
uses-permission#android.permission.CHANGE_WIFI_STATE
ADDED from src/main/AndroidManifest.xml:19:5-76
	android:name
		ADDED from src/main/AndroidManifest.xml:19:22-73
uses-permission#android.permission.CHANGE_NETWORK_STATE
ADDED from src/main/AndroidManifest.xml:20:5-79
	android:name
		ADDED from src/main/AndroidManifest.xml:20:22-76
uses-permission#android.permission.MOUNT_UNMOUNT_FILESYSTEMS
ADDED from src/main/AndroidManifest.xml:21:5-84
	android:name
		ADDED from src/main/AndroidManifest.xml:21:22-81
uses-permission#android.permission.WRITE_SETTINGS
ADDED from src/main/AndroidManifest.xml:22:5-73
	android:name
		ADDED from src/main/AndroidManifest.xml:22:22-70
uses-permission#android.permission.WAKE_LOCK
ADDED from src/main/AndroidManifest.xml:23:5-68
	android:name
		ADDED from src/main/AndroidManifest.xml:23:22-65
uses-permission#android.permission.INTERNET
ADDED from src/main/AndroidManifest.xml:24:5-67
	android:name
		ADDED from src/main/AndroidManifest.xml:24:22-64
uses-permission#android.permission.CAMERA
ADDED from src/main/AndroidManifest.xml:25:5-65
	android:name
		ADDED from src/main/AndroidManifest.xml:25:22-62
uses-permission#android.permission.FLASHLIGHT
ADDED from src/main/AndroidManifest.xml:26:5-69
	android:name
		ADDED from src/main/AndroidManifest.xml:26:22-66
uses-permission#android.permission.VIBRATE
ADDED from src/main/AndroidManifest.xml:27:5-66
	android:name
		ADDED from src/main/AndroidManifest.xml:27:22-63
uses-permission#android.permission.RECORD_AUDIO
ADDED from src/main/AndroidManifest.xml:28:5-71
	android:name
		ADDED from src/main/AndroidManifest.xml:28:22-68
uses-permission#android.permission.READ_CONTACTS
ADDED from src/main/AndroidManifest.xml:29:5-72
	android:name
		ADDED from src/main/AndroidManifest.xml:29:22-69
uses-permission#android.permission.READ_EXTERNAL_STORAGE
ADDED from src/main/AndroidManifest.xml:30:5-80
	android:name
		ADDED from src/main/AndroidManifest.xml:30:22-77
uses-permission#com.xiaomi.market.sdk.UPDATE
ADDED from src/main/AndroidManifest.xml:31:5-68
	android:name
		ADDED from src/main/AndroidManifest.xml:31:22-65
uses-feature#android.hardware.camera.autofocus
ADDED from src/main/AndroidManifest.xml:33:5-70
	android:name
		ADDED from src/main/AndroidManifest.xml:33:19-67
uses-feature#android.hardware.camera.flash
ADDED from src/main/AndroidManifest.xml:34:5-66
	android:name
		ADDED from src/main/AndroidManifest.xml:34:19-63
uses-feature#android.hardware.camera
ADDED from src/main/AndroidManifest.xml:35:5-60
	android:name
		ADDED from src/main/AndroidManifest.xml:35:19-57
supports-screens
ADDED from src/main/AndroidManifest.xml:45:5-50:39
	android:largeScreens
		ADDED from src/main/AndroidManifest.xml:47:9-36
	android:smallScreens
		ADDED from src/main/AndroidManifest.xml:50:9-36
	android:normalScreens
		ADDED from src/main/AndroidManifest.xml:48:9-37
	android:resizeable
		ADDED from src/main/AndroidManifest.xml:49:9-34
	android:anyDensity
		ADDED from src/main/AndroidManifest.xml:46:9-34
application
ADDED from src/main/AndroidManifest.xml:52:5-197:19
MERGED from [:dialog:] AndroidManifest.xml:12:5-20
MERGED from [com.android.support:appcompat-v7:23.1.1] AndroidManifest.xml:22:5-20
MERGED from [com.android.support:support-v4:23.1.1] AndroidManifest.xml:22:5-20
	android:label
		ADDED from src/main/AndroidManifest.xml:55:9-42
	android:icon
		ADDED from src/main/AndroidManifest.xml:54:9-43
	android:largeHeap
		ADDED from src/main/AndroidManifest.xml:56:9-33
	android:theme
		ADDED from src/main/AndroidManifest.xml:57:9-36
	android:name
		ADDED from src/main/AndroidManifest.xml:53:9-38
receiver#com.xiaomi.market.sdk.DownloadCompleteReceiver
ADDED from src/main/AndroidManifest.xml:58:9-62:20
	android:name
		ADDED from src/main/AndroidManifest.xml:58:19-80
intent-filter#android.intent.action.DOWNLOAD_COMPLETE
ADDED from src/main/AndroidManifest.xml:59:13-61:29
action#android.intent.action.DOWNLOAD_COMPLETE
ADDED from src/main/AndroidManifest.xml:60:17-82
	android:name
		ADDED from src/main/AndroidManifest.xml:60:25-79
activity#com.feifei.lifetools.MainActivity
ADDED from src/main/AndroidManifest.xml:64:9-71:20
	android:name
		ADDED from src/main/AndroidManifest.xml:64:19-47
intent-filter#android.intent.action.MAIN+android.intent.category.LAUNCHER
ADDED from src/main/AndroidManifest.xml:66:13-70:29
action#android.intent.action.MAIN
ADDED from src/main/AndroidManifest.xml:67:17-69
	android:name
		ADDED from src/main/AndroidManifest.xml:67:25-66
category#android.intent.category.LAUNCHER
ADDED from src/main/AndroidManifest.xml:69:17-77
	android:name
		ADDED from src/main/AndroidManifest.xml:69:27-74
activity#com.zbar.lib.ScanActivity
ADDED from src/main/AndroidManifest.xml:73:9-76:43
	android:screenOrientation
		ADDED from src/main/AndroidManifest.xml:75:13-49
	android:theme
		ADDED from src/main/AndroidManifest.xml:76:13-40
	android:name
		ADDED from src/main/AndroidManifest.xml:74:13-53
activity#com.feifei.util.MyWebView
ADDED from src/main/AndroidManifest.xml:77:9-79:58
	android:theme
		ADDED from src/main/AndroidManifest.xml:79:13-55
	android:name
		ADDED from src/main/AndroidManifest.xml:78:13-53
activity#com.feifei.compass.CompassActivity
ADDED from src/main/AndroidManifest.xml:80:9-83:63
	android:screenOrientation
		ADDED from src/main/AndroidManifest.xml:82:13-49
	android:theme
		ADDED from src/main/AndroidManifest.xml:83:13-60
	android:name
		ADDED from src/main/AndroidManifest.xml:81:13-62
activity#com.feifei.checkpackage.SelectActivity
ADDED from src/main/AndroidManifest.xml:84:9-87:55
	android:screenOrientation
		ADDED from src/main/AndroidManifest.xml:86:13-49
	android:windowSoftInputMode
		ADDED from src/main/AndroidManifest.xml:87:13-52
	android:name
		ADDED from src/main/AndroidManifest.xml:85:13-66
activity#com.feifei.checkpackage.PackageActivity
ADDED from src/main/AndroidManifest.xml:88:9-91:55
	android:screenOrientation
		ADDED from src/main/AndroidManifest.xml:90:13-49
	android:windowSoftInputMode
		ADDED from src/main/AndroidManifest.xml:91:13-52
	android:name
		ADDED from src/main/AndroidManifest.xml:89:13-67
activity#com.feifei.contact.ContactActivity
ADDED from src/main/AndroidManifest.xml:92:9-95:55
	android:screenOrientation
		ADDED from src/main/AndroidManifest.xml:94:13-49
	android:windowSoftInputMode
		ADDED from src/main/AndroidManifest.xml:95:13-52
	android:name
		ADDED from src/main/AndroidManifest.xml:93:13-62
activity#com.feifei.calculator.CalculatorActivity
ADDED from src/main/AndroidManifest.xml:96:9-77
	android:name
		ADDED from src/main/AndroidManifest.xml:96:19-74
activity#com.feifei.lifetools.TorchActivity
ADDED from src/main/AndroidManifest.xml:97:9-51
	android:name
		ADDED from src/main/AndroidManifest.xml:97:19-48
activity#com.feifei.lifetools.SettingActivity
ADDED from src/main/AndroidManifest.xml:98:9-53
	android:name
		ADDED from src/main/AndroidManifest.xml:98:19-50
activity#com.feifei.book.BookViewActivity
ADDED from src/main/AndroidManifest.xml:99:9-69
	android:name
		ADDED from src/main/AndroidManifest.xml:99:19-66
activity#com.feifei.checkpackage.ResultActivity
ADDED from src/main/AndroidManifest.xml:100:9-75
	android:name
		ADDED from src/main/AndroidManifest.xml:100:19-72
activity#com.feifei.feature.MapActivity
ADDED from src/main/AndroidManifest.xml:101:9-67
	android:name
		ADDED from src/main/AndroidManifest.xml:101:19-64
activity#com.feifei.feature.DetailActivity
ADDED from src/main/AndroidManifest.xml:102:9-70
	android:name
		ADDED from src/main/AndroidManifest.xml:102:19-67
activity#com.feifei.feature.WebActivity
ADDED from src/main/AndroidManifest.xml:103:9-67
	android:name
		ADDED from src/main/AndroidManifest.xml:103:19-64
activity#com.feifei.setting.MoneyActivity
ADDED from src/main/AndroidManifest.xml:104:9-106:60
	android:windowSoftInputMode
		ADDED from src/main/AndroidManifest.xml:106:13-57
	android:name
		ADDED from src/main/AndroidManifest.xml:105:13-60
meta-data#com.baidu.lbsapi.API_KEY
ADDED from src/main/AndroidManifest.xml:108:9-110:56
	android:value
		ADDED from src/main/AndroidManifest.xml:110:13-53
	android:name
		ADDED from src/main/AndroidManifest.xml:109:13-52
service#com.baidu.location.f
ADDED from src/main/AndroidManifest.xml:112:9-115:41
	android:enabled
		ADDED from src/main/AndroidManifest.xml:114:13-35
	android:process
		ADDED from src/main/AndroidManifest.xml:115:13-38
	android:name
		ADDED from src/main/AndroidManifest.xml:113:13-48
activity#com.feifei.game.GameActivity
ADDED from src/main/AndroidManifest.xml:118:9-129:20
	android:screenOrientation
		ADDED from src/main/AndroidManifest.xml:122:13-49
	android:label
		ADDED from src/main/AndroidManifest.xml:121:13-33
	android:icon
		ADDED from src/main/AndroidManifest.xml:120:13-42
	android:theme
		ADDED from src/main/AndroidManifest.xml:123:13-48
	android:name
		ADDED from src/main/AndroidManifest.xml:119:13-56
activity#com.feifei.todo.NotifyActivityAdd
ADDED from src/main/AndroidManifest.xml:137:9-146:20
	android:screenOrientation
		ADDED from src/main/AndroidManifest.xml:139:13-49
	android:theme
		ADDED from src/main/AndroidManifest.xml:140:13-54
	android:name
		ADDED from src/main/AndroidManifest.xml:138:13-61
activity#com.feifei.todo.NotifyActivityDialog
ADDED from src/main/AndroidManifest.xml:147:9-149:47
	android:theme
		ADDED from src/main/AndroidManifest.xml:149:13-44
	android:name
		ADDED from src/main/AndroidManifest.xml:148:13-64
receiver#com.feifei.todo.NotifyReceiver
ADDED from src/main/AndroidManifest.xml:151:9-158:20
	android:enabled
		ADDED from src/main/AndroidManifest.xml:153:13-35
	android:exported
		ADDED from src/main/AndroidManifest.xml:154:13-36
	android:name
		ADDED from src/main/AndroidManifest.xml:152:13-58
intent-filter#cancel
ADDED from src/main/AndroidManifest.xml:155:13-157:29
action#cancel
ADDED from src/main/AndroidManifest.xml:156:17-49
	android:name
		ADDED from src/main/AndroidManifest.xml:156:25-46
receiver#com.feifei.todo.DeskWidget
ADDED from src/main/AndroidManifest.xml:159:9-168:20
	android:name
		ADDED from src/main/AndroidManifest.xml:159:19-60
intent-filter#android.appwidget.action.APPWIDGET_UPDATE+feifei.todo.send
ADDED from src/main/AndroidManifest.xml:160:13-163:29
action#android.appwidget.action.APPWIDGET_UPDATE
ADDED from src/main/AndroidManifest.xml:161:17-84
	android:name
		ADDED from src/main/AndroidManifest.xml:161:25-81
action#feifei.todo.send
ADDED from src/main/AndroidManifest.xml:162:17-59
	android:name
		ADDED from src/main/AndroidManifest.xml:162:25-56
meta-data#android.appwidget.provider
ADDED from src/main/AndroidManifest.xml:165:13-167:55
	android:resource
		ADDED from src/main/AndroidManifest.xml:167:17-52
	android:name
		ADDED from src/main/AndroidManifest.xml:166:17-58
activity#com.feifei.todo.other.CompleteActivity
ADDED from src/main/AndroidManifest.xml:175:9-75
	android:name
		ADDED from src/main/AndroidManifest.xml:175:19-72
activity#com.feifei.todo.other.MainActivity
ADDED from src/main/AndroidManifest.xml:176:9-181:20
	android:name
		ADDED from src/main/AndroidManifest.xml:176:19-68
activity#com.evernote.client.android.EvernoteOAuthActivity
ADDED from src/main/AndroidManifest.xml:182:9-185:91
	android:configChanges
		ADDED from src/main/AndroidManifest.xml:184:13-63
	android:theme
		ADDED from src/main/AndroidManifest.xml:185:13-88
	android:name
		ADDED from src/main/AndroidManifest.xml:183:13-77
service#com.feifei.todo.MyService
ADDED from src/main/AndroidManifest.xml:187:9-61
	android:name
		ADDED from src/main/AndroidManifest.xml:187:18-58
uses-sdk
INJECTED from src/main/AndroidManifest.xml reason: use-sdk injection requested
MERGED from [com.android.support:multidex:1.0.1] AndroidManifest.xml:18:5-42
MERGED from [:dialog:] AndroidManifest.xml:8:5-10:41
MERGED from [:materialview:] AndroidManifest.xml:7:5-9:41
MERGED from [:evernote:] AndroidManifest.xml:8:5-10:41
MERGED from [com.android.support:appcompat-v7:23.1.1] AndroidManifest.xml:20:5-43
MERGED from [com.android.support:support-v4:23.1.1] AndroidManifest.xml:20:5-43
MERGED from [com.android.support:recyclerview-v7:23.1.1] AndroidManifest.xml:20:5-43
	android:targetSdkVersion
		INJECTED from src/main/AndroidManifest.xml
		INJECTED from src/main/AndroidManifest.xml
	android:minSdkVersion
		INJECTED from src/main/AndroidManifest.xml
		INJECTED from src/main/AndroidManifest.xml